Rendering to 1024x1024 image
Loaded scene with 3 circles
---------------------------------------------------------
Initializing CUDA for CudaRenderer
Found 1 CUDA devices
Device 0: NVIDIA GeForce RTX 4060 Laptop GPU
   SMs:        24
   Global mem: 8188 MB
   CUDA Cap:   8.9
---------------------------------------------------------
WARNING: You're not running on a fast GPU, please consider using NVIDIA GTX 480, 670 or 780.
---------------------------------------------------------

Running benchmark, 4 frames, beginning at frame 0 ...
Dumping frames to output_xxx.ppm
Copying image data from device
Wrote image file output_0000.ppm
Copying image data from device
Wrote image file output_0001.ppm
Copying image data from device
Wrote image file output_0002.ppm
Copying image data from device
Wrote image file output_0003.ppm
Clear:    1.3920 ms
Advance:  0.0004 ms
Render:   0.0871 ms
Total:    1.4795 ms
File IO:  1559.6574 ms

Overall:  6.2446 sec (note units are seconds)
